<?xml version="1.0" encoding="UTF-8"?>
<!-- Generated by org.testng.reporters.JUnitReportReporter -->
<testsuite hostname="TTNPL-4008" failures="0" tests="2" name="Login_Page.test.testMethod" time="11.957" errors="0" timestamp="2023-02-05T22:55:30 IST" skipped="0">
  <testcase classname="Login_Page.test.testMethod" name="GooglsearchText" time="7.668"/>
  <system-out/>
  <testcase classname="Login_Page.test.testMethod" name="facebookLoginVerify" time="4.289"/>
  <system-out/>
</testsuite> <!-- Login_Page.test.testMethod -->
